<?xml version="1.0" encoding="UTF-8"?>
<testsuite xmlns:xsi="http://www.w3.org/2001/XMLSchema-instance" xsi:noNamespaceSchemaLocation="https://maven.apache.org/surefire/maven-surefire-plugin/xsd/surefire-test-report.xsd" version="3.0.2" name="tqs.RestAssureTest" time="1.753" tests="5" errors="0" skipped="0" failures="0">
  <properties>
[...]
</properties>
  <testcase name="testAllTodosResponseTimeLessThan2Seconds" classname="tqs.RestAssureTest" time="0.841"/>
  <testcase name="testToDos4Title" classname="tqs.RestAssureTest" time="0.416"/>
  <testcase name="sampleTest" classname="tqs.RestAssureTest" time="0.002"/>
  <testcase name="testAllTodosContainIds198And199" classname="tqs.RestAssureTest" time="0.176"/>
  <testcase name="testToDosIsAvailable" classname="tqs.RestAssureTest" time="0.097"/>
</testsuite>