<?xml version="1.0" encoding="UTF-8"?>
<testsuite xmlns:xsi="http://www.w3.org/2001/XMLSchema-instance" xsi:noNamespaceSchemaLocation="https://maven.apache.org/surefire/maven-surefire-plugin/xsd/surefire-test-report.xsd" name="com.example.AI_Generated_MyStackTest" time="0.041" tests="8" errors="0" skipped="0" failures="0">
  <properties>
[...]
</properties>
  <testcase name="testPeekFromEmptyStackThrowsException" classname="com.example.AI_Generated_MyStackTest" time="0.021"/>
  <testcase name="testBoundedStackPreventsOverflow" classname="com.example.AI_Generated_MyStackTest" time="0.001"/>
  <testcase name="testNewStackIsEmpty" classname="com.example.AI_Generated_MyStackTest" time="0.002"/>
  <testcase name="testMultiplePushAndPop" classname="com.example.AI_Generated_MyStackTest" time="0.001"/>
  <testcase name="testPopReturnsLastPushedElement" classname="com.example.AI_Generated_MyStackTest" time="0"/>
  <testcase name="testPopFromEmptyStackThrowsException" classname="com.example.AI_Generated_MyStackTest" time="0.001"/>
  <testcase name="testPushIncreasesSize" classname="com.example.AI_Generated_MyStackTest" time="0"/>
  <testcase name="testPeekReturnsTopElementWithoutRemovingIt" classname="com.example.AI_Generated_MyStackTest" time="0"/>
</testsuite>