<?xml version="1.0" encoding="UTF-8"?>
<testsuite xmlns:xsi="http://www.w3.org/2001/XMLSchema-instance" xsi:noNamespaceSchemaLocation="https://maven.apache.org/surefire/maven-surefire-plugin/xsd/surefire-test-report.xsd" version="3.0.2" name="tqs.sets.BoundedSetOfNaturalsTest" time="0.004" tests="2" errors="0" skipped="2" failures="0">
  <properties>
[...]
</properties>
  <testcase name="testAddElement" classname="tqs.sets.BoundedSetOfNaturalsTest" time="0.0">
    <skipped message="TODO revise test logic"/>
  </testcase>
  <testcase name="testAddFromBadArray" classname="tqs.sets.BoundedSetOfNaturalsTest" time="0.0">
    <skipped message="TODO revise to test the construction from invalid arrays"/>
  </testcase>
</testsuite>